  main-split-commit-rec.cpp
c:\users\peter\repo\splitcommit\libs\ezoptionparser\ezoptionparser.hpp(54): warning C4267: 'initializing': conversion from 'size_t' to 'int', possible loss of data
c:\users\peter\repo\splitcommit\libs\ezoptionparser\ezoptionparser.hpp(67): warning C4267: 'initializing': conversion from 'size_t' to 'int', possible loss of data
c:\users\peter\repo\splitcommit\libs\ezoptionparser\ezoptionparser.hpp(270): warning C4244: 'argument': conversion from 'double' to 'float', possible loss of data
c:\users\peter\repo\splitcommit\libs\ezoptionparser\ezoptionparser.hpp(276): warning C4244: 'argument': conversion from 'double' to 'float', possible loss of data
c:\users\peter\repo\splitcommit\libs\ezoptionparser\ezoptionparser.hpp(299): warning C4267: 'initializing': conversion from 'size_t' to 'int', possible loss of data
c:\users\peter\repo\splitcommit\libs\ezoptionparser\ezoptionparser.hpp(321): warning C4267: '=': conversion from 'size_t' to 'unsigned long', possible loss of data
c:\users\peter\repo\splitcommit\libs\ezoptionparser\ezoptionparser.hpp(612): warning C4267: '=': conversion from 'size_t' to 'int', possible loss of data
c:\users\peter\repo\splitcommit\libs\ezoptionparser\ezoptionparser.hpp(662): warning C4267: '=': conversion from 'size_t' to 'int', possible loss of data
c:\users\peter\repo\splitcommit\libs\ezoptionparser\ezoptionparser.hpp(1209): warning C4267: 'initializing': conversion from 'size_t' to 'int', possible loss of data
c:\users\peter\repo\splitcommit\libs\ezoptionparser\ezoptionparser.hpp(1228): warning C4267: 'initializing': conversion from 'size_t' to 'int', possible loss of data
c:\users\peter\repo\splitcommit\libs\ezoptionparser\ezoptionparser.hpp(1247): warning C4267: 'initializing': conversion from 'size_t' to 'int', possible loss of data
c:\users\peter\repo\splitcommit\libs\ezoptionparser\ezoptionparser.hpp(1266): warning C4267: 'initializing': conversion from 'size_t' to 'int', possible loss of data
c:\users\peter\repo\splitcommit\libs\ezoptionparser\ezoptionparser.hpp(1285): warning C4267: 'initializing': conversion from 'size_t' to 'int', possible loss of data
c:\users\peter\repo\splitcommit\libs\ezoptionparser\ezoptionparser.hpp(1304): warning C4267: 'initializing': conversion from 'size_t' to 'int', possible loss of data
c:\users\peter\repo\splitcommit\libs\ezoptionparser\ezoptionparser.hpp(1423): warning C4267: 'initializing': conversion from 'size_t' to 'int', possible loss of data
c:\users\peter\repo\splitcommit\libs\ezoptionparser\ezoptionparser.hpp(1446): warning C4267: 'initializing': conversion from 'size_t' to 'int', possible loss of data
c:\users\peter\repo\splitcommit\libs\ezoptionparser\ezoptionparser.hpp(1473): warning C4267: 'initializing': conversion from 'size_t' to 'int', possible loss of data
c:\users\peter\repo\splitcommit\libs\ezoptionparser\ezoptionparser.hpp(1503): warning C4267: 'initializing': conversion from 'size_t' to 'int', possible loss of data
c:\users\peter\repo\splitcommit\libs\ezoptionparser\ezoptionparser.hpp(1559): warning C4267: 'initializing': conversion from 'size_t' to 'int', possible loss of data
c:\users\peter\repo\splitcommit\libs\ezoptionparser\ezoptionparser.hpp(1585): warning C4267: 'initializing': conversion from 'size_t' to 'int', possible loss of data
c:\users\peter\repo\splitcommit\libs\ezoptionparser\ezoptionparser.hpp(1589): warning C4267: '=': conversion from 'size_t' to 'int', possible loss of data
c:\users\peter\repo\splitcommit\libs\ezoptionparser\ezoptionparser.hpp(1669): warning C4267: '=': conversion from 'size_t' to 'int', possible loss of data
c:\users\peter\repo\splitcommit\libs\ezoptionparser\ezoptionparser.hpp(1681): warning C4267: '=': conversion from 'size_t' to 'int', possible loss of data
c:\users\peter\repo\splitcommit\libs\ezoptionparser\ezoptionparser.hpp(1854): warning C4267: '=': conversion from 'size_t' to 'int', possible loss of data
c:\users\peter\repo\splitcommit\libs\ezoptionparser\ezoptionparser.hpp(1866): warning C4267: '=': conversion from 'size_t' to 'int', possible loss of data
c:\users\peter\repo\splitcommit\libs\ezoptionparser\ezoptionparser.hpp(2097): warning C4267: 'initializing': conversion from 'size_t' to 'int', possible loss of data
  Please define _WIN32_WINNT or _WIN32_WINDOWS appropriately. For example:
  - add -D_WIN32_WINNT=0x0501 to the compiler command line; or
  - add _WIN32_WINNT=0x0501 to your project's Preprocessor Definitions.
  Assuming _WIN32_WINNT=0x0501 (i.e. Windows XP target).
c:\users\peter\repo\splitcommit\src\util\util.h(158): warning C4800: 'int': forcing value to bool 'true' or 'false' (performance warning)
c:\users\peter\repo\splitcommit\src\mains\main-split-commit-rec.cpp(78): warning C4101: 'print_special_format': unreferenced local variable
  main-split-commit-rec.vcxproj -> C:\Users\peter\repo\SplitCommit\x64\Debug\main-split-commit-rec.exe
  main-split-commit-rec.vcxproj -> C:\Users\peter\repo\SplitCommit\x64\Debug\main-split-commit-rec.pdb (Partial PDB)
